<?xml version="1.0" encoding="UTF-8"?>
<!-- Generated by org.testng.reporters.JUnitXMLReporter -->
<testsuite hostname="ASHCHOUD-LAP" ignored="0" name="Test" tests="1" failures="1" timestamp="21 Mar 2018 08:04:50 GMT" time="67.556" errors="0">
  <testcase name="feature" time="64.279" classname="cucumber.api.testng.AbstractTestNGCucumberTests">
    <failure type="cucumber.runtime.CucumberException" message="java.lang.AssertionError: null got logged in so failing this step.. expected [true] but found [false]">
      <![CDATA[cucumber.runtime.CucumberException: java.lang.AssertionError: null got logged in so failing this step.. expected [true] but found [false]
	at cucumber.api.testng.TestNGCucumberRunner.runCucumber(TestNGCucumberRunner.java:69)
	at cucumber.api.testng.AbstractTestNGCucumberTests.feature(AbstractTestNGCucumberTests.java:21)
Caused by: java.lang.AssertionError: null got logged in so failing this step.. expected [true] but found [false]
	at stepDefinitions.AuthoringStepDefinitions.user_didnot_log_in_successfully(AuthoringStepDefinitions.java:119)
	at âœ½.Then User did not log in successfully(features/Authoring.feature:25)
... Removed 28 stack frames]]>
    </failure>
  </testcase> <!-- feature -->
</testsuite> <!-- Test -->
